platforms/android/app/build/intermediates/manifest_merge_blame_file/debug/manifest-merger-blame-debug-report.txt
1<?xml version="1.0" encoding="utf-8"?>
2<manifest xmlns:android="http://schemas.android.com/apk/res/android"
3    package="my.mazlan.poslajutracking"
4    android:versionCode="20302"
5    android:versionName="2.3.2" >
6
7    <uses-sdk
8        android:minSdkVersion="17"
8-->src\main\AndroidManifest.xml
9        android:targetSdkVersion="28" />
9-->src\main\AndroidManifest.xml
10
11    <supports-screens
11-->src\main\AndroidManifest.xml:4:2-136
12        android:largeScreens="true"
12-->src\main\AndroidManifest.xml:4:77-104
13        android:normalScreens="true"
13-->src\main\AndroidManifest.xml:4:48-76
14        android:smallScreens="true"
14-->src\main\AndroidManifest.xml:4:20-47
15        android:xlargeScreens="true" />
15-->src\main\AndroidManifest.xml:4:105-133
16
17    <uses-permission android:name="android.permission.READ_EXTERNAL_STORAGE" />
17-->src\main\AndroidManifest.xml:6:2-77
17-->src\main\AndroidManifest.xml:6:19-74
18    <uses-permission android:name="android.permission.WRITE_EXTERNAL_STORAGE" />
18-->src\main\AndroidManifest.xml:7:2-78
18-->src\main\AndroidManifest.xml:7:19-75
19    <uses-permission android:name="android.permission.INTERNET" />
19-->src\main\AndroidManifest.xml:8:2-64
19-->src\main\AndroidManifest.xml:8:19-61
20    <uses-permission android:name="android.permission.CAMERA" />
20-->[:nativescript_barcodescanner:] AndroidManifest.xml:9:5-65
20-->[:nativescript_barcodescanner:] AndroidManifest.xml:9:22-62
21    <uses-permission android:name="android.permission.FLASHLIGHT" />
21-->[:nativescript_barcodescanner:] AndroidManifest.xml:10:5-69
21-->[:nativescript_barcodescanner:] AndroidManifest.xml:10:22-66
22
23    <uses-feature
23-->[:nativescript_barcodescanner:] AndroidManifest.xml:12:5-14:36
24        android:name="android.hardware.camera"
24-->[:nativescript_barcodescanner:] AndroidManifest.xml:13:9-47
25        android:required="false" />
25-->[:nativescript_barcodescanner:] AndroidManifest.xml:14:9-33
26
27    <application
27-->src\main\AndroidManifest.xml:10:2-22:16
28        android:name="com.tns.NativeScriptApplication"
28-->src\main\AndroidManifest.xml:10:15-61
29        android:allowBackup="true"
29-->src\main\AndroidManifest.xml:10:62-88
30        android:appComponentFactory="androidx.core.app.CoreComponentFactory"
30-->[androidx.core:core:1.1.0] AndroidManifest.xml:24:18-86
31        android:debuggable="true"
32        android:icon="@drawable/icon"
32-->src\main\AndroidManifest.xml:10:89-118
33        android:label="@string/app_name"
33-->src\main\AndroidManifest.xml:10:119-151
34        android:theme="@style/AppTheme"
34-->src\main\AndroidManifest.xml:10:152-183
35        android:usesCleartextTraffic="true" >
35-->src\main\AndroidManifest.xml:10:184-219
36        <meta-data
36-->src\main\AndroidManifest.xml:11:3-128
37            android:name="com.google.android.gms.ads.APPLICATION_ID"
37-->src\main\AndroidManifest.xml:11:14-70
38            android:value="ca-app-pub-8469816531943468/2647073559" />
38-->src\main\AndroidManifest.xml:11:71-125
39
40        <activity
40-->src\main\AndroidManifest.xml:12:3-20:14
41            android:name="com.tns.NativeScriptActivity"
41-->src\main\AndroidManifest.xml:12:13-56
42            android:configChanges="keyboard|keyboardHidden|orientation|screenSize|smallestScreenSize|screenLayout|locale|uiMode"
42-->src\main\AndroidManifest.xml:12:103-219
43            android:label="@string/title_activity_kimera"
43-->src\main\AndroidManifest.xml:12:57-102
44            android:theme="@style/LaunchScreenTheme" >
44-->src\main\AndroidManifest.xml:12:220-260
45            <meta-data
45-->src\main\AndroidManifest.xml:14:4-87
46                android:name="SET_THEME_ON_LAUNCH"
46-->src\main\AndroidManifest.xml:14:15-49
47                android:resource="@style/AppTheme" />
47-->src\main\AndroidManifest.xml:14:50-84
48
49            <intent-filter>
49-->src\main\AndroidManifest.xml:16:4-19:20
50                <action android:name="android.intent.action.MAIN" />
50-->src\main\AndroidManifest.xml:17:5-57
50-->src\main\AndroidManifest.xml:17:13-54
51
52                <category android:name="android.intent.category.LAUNCHER" />
52-->src\main\AndroidManifest.xml:18:5-65
52-->src\main\AndroidManifest.xml:18:15-62
53            </intent-filter>
54        </activity>
55        <activity android:name="com.tns.ErrorReportActivity" />
55-->src\main\AndroidManifest.xml:21:3-58
55-->src\main\AndroidManifest.xml:21:13-55
56        <activity
56-->[:nativescript_barcodescanner:] AndroidManifest.xml:17:9-29:20
57            android:name="com.google.zxing.client.android.CaptureActivity"
57-->[:nativescript_barcodescanner:] AndroidManifest.xml:18:13-75
58            android:clearTaskOnLaunch="true"
58-->[:nativescript_barcodescanner:] AndroidManifest.xml:19:13-45
59            android:configChanges="keyboardHidden|orientation|screenSize"
59-->[:nativescript_barcodescanner:] AndroidManifest.xml:20:13-74
60            android:exported="false"
60-->[:nativescript_barcodescanner:] AndroidManifest.xml:21:13-37
61            android:theme="@android:style/Theme.NoTitleBar.Fullscreen"
61-->[:nativescript_barcodescanner:] AndroidManifest.xml:22:13-71
62            android:windowSoftInputMode="stateAlwaysHidden" >
62-->[:nativescript_barcodescanner:] AndroidManifest.xml:23:13-60
63            <intent-filter>
63-->[:nativescript_barcodescanner:] AndroidManifest.xml:24:13-28:29
64                <action android:name="com.google.zxing.client.android.SCAN" />
64-->[:nativescript_barcodescanner:] AndroidManifest.xml:25:17-79
64-->[:nativescript_barcodescanner:] AndroidManifest.xml:25:25-76
65
66                <category android:name="android.intent.category.DEFAULT" />
66-->[:nativescript_barcodescanner:] AndroidManifest.xml:27:17-76
66-->[:nativescript_barcodescanner:] AndroidManifest.xml:27:27-73
67            </intent-filter>
68        </activity>
69    </application>
70
71</manifest>